0001   0000             #INCLUDE	"DEFINE.ASM"
0001+  0000             DPTR	.EQU	30H
0002+  0000             DPP     .equ	84h
0003+  0000             ACC	.equ	0E0h
0004+  0000             RS0     .EQU    0D3H
0005+  0000             RS1     .EQU    0D4H
0006+  0000             PSW     .equ    0D0H
0007+  0000             scon	.equ	098H
0008+  0000             sda	.equ	0EFH
0009+  0000             mde	.equ	0EEH
0010+  0000             scl	.equ	0EDH
0011+  0000             mdi	.equ	0ECH
0012+  0000             i2cm	.equ	0EBH
0013+  0000             i2crs	.equ	0EAH
0014+  0000             i2ctx	.equ	0E9H
0015+  0000             i2ci	.equ	0E8H
0016+  0000             i2cdat	.equ	09AH
0017+  0000             i2cadd	.equ	09BH
0018+  0000             i2ccon	.equ	0E8H
0019+  0000             spicon	.equ	0F8H
0020+  0000             
0002   0000             
0003   0000             
0004   0000             start::
0005   0000             
0006   0000 75 84 08    	mov DPP,#08h
0007   0003 90 00 07    	MOV DPTR,#0007H
0008   0006 74 01       	MOV A,#01H	
0009   0008             	
0010   0008             SVETODIOD::
0011   0008             
0012   0008 04          	INC A
0013   0009 F0          	movX @DPTR,A
0014   000A 12 00 13    	lcall PAUSE  
0015   000D 12 00 13    	lcall PAUSE 
0016   0010 02 00 08    	ljmp SVETODIOD
0017   0013             
0018   0013             
0019   0013             PAUSE::                             	
0020   0013 C0 D0               PUSH	PSW
0021   0015 D2 D3       	SETB	RS0   			
0022   0017 C2 D4              	CLR	RS1
0023   0019             
0024   0019             
0025   0019             
0026   0019 79 4C               MOV	R1,#4CH			
0027   001B             MP1::
0028   001B 78 F2               MOV	R0,#0F2H
0029   001D             MP2::
0030   001D D8 FE               DJNZ	R0,MP2
0031   001F D9 FA               DJNZ	R1,MP1
0032   0021             
0033   0021 D0 D0               POP	PSW
0034   0023 22                  RET	
0035   0024             
0036   0024             	.END

ADDR  00 01 02 03 04 05 06 07 08 09 0A 0B 0C 0D 0E 0F
-----------------------------------------------------
0000  75 84 08 90 00 07 74 01 04 F0 12 00 13 12 00 13
0010  02 00 08 C0 D0 D2 D3 C2 D4 79 4C 78 F2 D8 FE D9
0020  FA D0 D0 22 00 00 00 00 00 00 00 00 00 00 00 00


tasm: Number of errors = 0
