0001   0000             #INCLUDE	"DEFINE.ASM"
0001+  0000             DPTR	.EQU	30H
0002+  0000             DPP     .equ	84h
0003+  0000             ACC	.equ	0E0h
0004+  0000             RS0     .EQU    0D3H
0005+  0000             RS1     .EQU    0D4H
0006+  0000             PSW     .equ    0D0H
0007+  0000             scon	.equ	098H
0008+  0000             sda	.equ	0EFH
0009+  0000             mde	.equ	0EEH
0010+  0000             scl	.equ	0EDH
0011+  0000             mdi	.equ	0ECH
0012+  0000             i2cm	.equ	0EBH
0013+  0000             i2crs	.equ	0EAH
0014+  0000             i2ctx	.equ	0E9H
0015+  0000             i2ci	.equ	0E8H
0016+  0000             i2cdat	.equ	09AH
0017+  0000             i2cadd	.equ	09BH
0018+  0000             i2ccon	.equ	0E8H
0019+  0000             spicon	.equ	0F8H
0020+  0000             
0002   0000             
0003   0000             
0004   0000             start::
0005   0000 75 84 08    	mov DPP,#08h
0006   0003             SVETODIOD::
0007   0003             
0008   0003             ;Движение курсора!!!
0009   0003             
0010   0003 90 00 06    	MOV DPTR,#0006H
0011   0006 74 08       	MOV A,#08H         ;Запись команды
0012   0008 F0          	movX @DPTR,A
0013   0009             	
0014   0009 74 09       	MOV A,#09H         ;Разрешить
0015   000B F0          	movX @DPTR,A
0016   000C             	
0017   000C 90 00 01    	MOV DPTR,#0001H
0018   000F 74 1C       	MOV A,#1cH         ;Код команды смещения курсора
0019   0011 F0          	movX @DPTR,A
0020   0012 12 00 C9    	lcall PAUSE 
0021   0015             
0022   0015             ;Выод на экран символов
0023   0015             ;Вывод Буквы "L" на ОПРЕДЕЛЁННУЮ позицию ЖКИ!
0024   0015             
0025   0015 90 00 06    	MOV DPTR,#0006H
0026   0018 74 08       	MOV A,#08H         ;Запись команды
0027   001A F0          	movX @DPTR,A
0028   001B             	
0029   001B 74 09       	MOV A,#09H          ;Разрешить
0030   001D F0          	movX @DPTR,A
0031   001E             	
0032   001E 90 00 01    	MOV DPTR,#0001H
0033   0021 74 82       	MOV A,#82H          ;Определяем координаты символа
0034   0023 F0          	movX @DPTR,A
0035   0024 12 00 C9    	lcall PAUSE 
0036   0027             		
0037   0027 90 00 06    	MOV DPTR,#0006H
0038   002A 74 0C       	MOV A,#0CH         ;Запись данных
0039   002C F0          	movX @DPTR,A
0040   002D             	
0041   002D 74 0D       	MOV A,#0DH         ;Разрешить
0042   002F F0          	movX @DPTR,A
0043   0030             	
0044   0030 90 00 01    	MOV DPTR,#0001H
0045   0033 74 4C       	MOV A,#4CH         ;Код Буквы "L"
0046   0035 F0          	movX @DPTR,A
0047   0036 12 00 C9    	lcall PAUSE 
0048   0039             
0049   0039             ;Вывод Буквы "Е" на следующую позицию ЖКИ!
0050   0039             
0051   0039 90 00 06    	MOV DPTR,#0006H
0052   003C 74 08       	MOV A,#08H
0053   003E F0          	movX @DPTR,A
0054   003F             	
0055   003F 74 09       	MOV A,#09H
0056   0041 F0          	movX @DPTR,A
0057   0042             	
0058   0042 90 00 01    	MOV DPTR,#0001H
0059   0045 74 83       	MOV A,#83H
0060   0047 F0          	movX @DPTR,A
0061   0048 12 00 C9    	lcall PAUSE 
0062   004B             		
0063   004B 90 00 06    	MOV DPTR,#0006H
0064   004E 74 0C       	MOV A,#0CH
0065   0050 F0          	movX @DPTR,A
0066   0051             	
0067   0051 74 0D       	MOV A,#0DH
0068   0053 F0          	movX @DPTR,A
0069   0054             	
0070   0054 90 00 01    	MOV DPTR,#0001H
0071   0057 74 45       	MOV A,#45H
0072   0059 F0          	movX @DPTR,A
0073   005A 12 00 C9    	lcall PAUSE 
0074   005D             
0075   005D             ;Вывод Буквы "R" на следующую позицию ЖКИ!
0076   005D             
0077   005D 90 00 06    	MOV DPTR,#0006H
0078   0060 74 08       	MOV A,#08H
0079   0062 F0          	movX @DPTR,A
0080   0063             	
0081   0063 74 09       	MOV A,#09H
0082   0065 F0          	movX @DPTR,A
0083   0066             	
0084   0066 90 00 01    	MOV DPTR,#0001H
0085   0069 74 84       	MOV A,#84H
0086   006B F0          	movX @DPTR,A
0087   006C 12 00 C9    	lcall PAUSE 
0088   006F             		
0089   006F 90 00 06    	MOV DPTR,#0006H
0090   0072 74 0C       	MOV A,#0CH
0091   0074 F0          	movX @DPTR,A
0092   0075             	
0093   0075 74 0D       	MOV A,#0DH
0094   0077 F0          	movX @DPTR,A
0095   0078             	
0096   0078 90 00 01    	MOV DPTR,#0001H
0097   007B 74 52       	MOV A,#52H
0098   007D F0          	movX @DPTR,A
0099   007E 12 00 C9    	lcall PAUSE  
0100   0081             
0101   0081             ;Вывод Буквы "А" на следующую позицию ЖКИ!
0102   0081             
0103   0081 90 00 06    	MOV DPTR,#0006H
0104   0084 74 08       	MOV A,#08H
0105   0086 F0          	movX @DPTR,A
0106   0087             	
0107   0087 74 09       	MOV A,#09H
0108   0089 F0          	movX @DPTR,A
0109   008A             	
0110   008A 90 00 01    	MOV DPTR,#0001H
0111   008D 74 85       	MOV A,#85H
0112   008F F0          	movX @DPTR,A
0113   0090 12 00 C9    	lcall PAUSE 
0114   0093             		
0115   0093 90 00 06    	MOV DPTR,#0006H
0116   0096 74 0C       	MOV A,#0CH
0117   0098 F0          	movX @DPTR,A
0118   0099             	
0119   0099 74 0D       	MOV A,#0DH
0120   009B F0          	movX @DPTR,A
0121   009C             	
0122   009C 90 00 01    	MOV DPTR,#0001H
0123   009F 74 41       	MOV A,#41H
0124   00A1 F0          	movX @DPTR,A
0125   00A2             
0126   00A2             ;Конец вывода букв
0127   00A2             
0128   00A2 12 00 C9    	lcall PAUSE 
0129   00A5 12 00 C9    	lcall PAUSE 
0130   00A8 12 00 C9    	lcall PAUSE 
0131   00AB 12 00 C9    	lcall PAUSE 
0132   00AE             
0133   00AE 12 00 C9    	lcall PAUSE 
0134   00B1 12 00 C9    	lcall PAUSE 
0135   00B4 12 00 C9    	lcall PAUSE 
0136   00B7 12 00 C9    	lcall PAUSE
0137   00BA             
0138   00BA 12 00 C9    	lcall PAUSE 
0139   00BD 12 00 C9    	lcall PAUSE 
0140   00C0 12 00 C9    	lcall PAUSE 
0141   00C3 12 00 C9    	lcall PAUSE	
0142   00C6             
0143   00C6             	
0144   00C6 02 00 03    	ljmp SVETODIOD
0145   00C9             
0146   00C9             
0147   00C9             PAUSE::                             	
0148   00C9 C0 D0               PUSH	PSW
0149   00CB D2 D3       	SETB	RS0   			
0150   00CD C2 D4              	CLR	RS1
0151   00CF             
0152   00CF             
0153   00CF             
0154   00CF 79 9C               MOV	R1,#9CH			
0155   00D1             MP1::
0156   00D1 78 92               MOV	R0,#92H
0157   00D3             MP2::
0158   00D3 D8 FE               DJNZ	R0,MP2
0159   00D5 D9 FA               DJNZ	R1,MP1
0160   00D7             
0161   00D7 D0 D0               POP	PSW
0162   00D9 22                  RET	
0163   00DA             
0164   00DA             	.END
0165   00DA             	

ADDR  00 01 02 03 04 05 06 07 08 09 0A 0B 0C 0D 0E 0F
-----------------------------------------------------
0000  75 84 08 90 00 06 74 08 F0 74 09 F0 90 00 01 74
0010  1C F0 12 00 C9 90 00 06 74 08 F0 74 09 F0 90 00
0020  01 74 82 F0 12 00 C9 90 00 06 74 0C F0 74 0D F0
0030  90 00 01 74 4C F0 12 00 C9 90 00 06 74 08 F0 74
0040  09 F0 90 00 01 74 83 F0 12 00 C9 90 00 06 74 0C
0050  F0 74 0D F0 90 00 01 74 45 F0 12 00 C9 90 00 06
0060  74 08 F0 74 09 F0 90 00 01 74 84 F0 12 00 C9 90
0070  00 06 74 0C F0 74 0D F0 90 00 01 74 52 F0 12 00
0080  C9 90 00 06 74 08 F0 74 09 F0 90 00 01 74 85 F0
0090  12 00 C9 90 00 06 74 0C F0 74 0D F0 90 00 01 74
00A0  41 F0 12 00 C9 12 00 C9 12 00 C9 12 00 C9 12 00
00B0  C9 12 00 C9 12 00 C9 12 00 C9 12 00 C9 12 00 C9
00C0  12 00 C9 12 00 C9 02 00 03 C0 D0 D2 D3 C2 D4 79
00D0  9C 78 92 D8 FE D9 FA D0 D0 22 00 00 00 00 00 00


tasm: Number of errors = 0
