0001   0000             #INCLUDE	"DEFINE.ASM"   		; Подключение таблицы sfr-регистров.
0001+  0000             NOACK	.EQU	00H
0002+  0000             DPTR	.EQU	30H
0003+  0000             DPP     .equ	84h
0004+  0000             ACC	.equ	0E0h
0005+  0000             BITCNT	.equ	31H
0006+  0000             RS0     .EQU    0D3H
0007+  0000             RS1     .EQU    0D4H
0008+  0000             PSW     .equ    0D0H
0009+  0000             scon	.equ	098H
0010+  0000             MDO	.equ	0EFH
0011+  0000             MDE	.equ	0EEH
0012+  0000             MCO	.equ	0EDH
0013+  0000             MDI	.equ	0ECH
0014+  0000             i2cm	.equ	0EBH
0015+  0000             i2crs	.equ	0EAH
0016+  0000             i2ctx	.equ	0E9H
0017+  0000             i2ci	.equ	0E8H
0018+  0000             i2cdat	.equ	09AH
0019+  0000             i2cadd	.equ	09BH
0020+  0000             i2ccon	.equ	0E8H
0021+  0000             spicon	.equ	0F8H
0022+  0000             DPTR	.EQU	30H
0023+  0000             DPP     .equ	84h
0024+  0000             ACC	.equ	0E0h
0025+  0000             RS0     .EQU    0D3H
0026+  0000             RS1     .EQU    0D4H
0027+  0000             PSW     .equ    0D0H
0028+  0000             T0	.equ	0B4H
0029+  0000             PLLCON	.equ	0D7h
0030+  0000             LED	.equ	0B4h
0031+  0000             	
0032+  0000             	
0033+  0000             P0      .equ	080h
0034+  0000             SP      .equ    081h
0035+  0000             DPL     .equ    082h
0036+  0000             DPH     .equ    083h
0037+  0000             DPP     .equ    084h
0038+  0000             PCON    .equ    087h
0039+  0000             TCON    .equ    088h
0040+  0000             TMOD    .equ    089h
0041+  0000             TL0     .equ	08Ah
0042+  0000             TL1     .equ    08Bh
0043+  0000             TH0     .equ    08Ch
0044+  0000             TH1     .equ 	08Dh
0045+  0000             P1      .equ	090h
0046+  0000             SCON    .equ 	098h
0047+  0000             SBUF    .equ    099h
0048+  0000             I2CDAT  .equ	09Ah
0049+  0000             I2CADD  .equ	09Bh
0050+  0000             T3FD    .equ	09Dh
0051+  0000             T3CON   .equ	09Eh
0052+  0000             P2      .equ	0A0h
0053+  0000             TIMECON .equ	0A1h
0054+  0000             HTHSEC  .equ	0A2h
0055+  0000             SEC     .equ	0A3h
0056+  0000             MIN     .equ	0A4h
0057+  0000             HOUR    .equ	0A5h
0058+  0000             INTVAL  .equ	0A6h
0059+  0000             DPCON   .equ	0A7h
0060+  0000             IE      .equ	0A8h
0061+  0000             IEIP2   .equ	0A9h
0062+  0000             PWMCON  .equ	0AEh
0063+  0000             CFG831  .equ	0AFh
0064+  0000             P3      .equ	0B0h
0065+  0000             PWM0L   .equ	0B1h
0066+  0000             PWM0H   .equ	0B2h
0067+  0000             PWM1L   .equ	0B3h
0068+  0000             PWM1H   .equ	0B4h
0069+  0000             SPH     .equ	0B7h
0070+  0000             IP      .equ	0B8h
0071+  0000             ECON    .equ	0B9h
0072+  0000             EDATA1  .equ	0BCh
0073+  0000             EDATA2  .equ	0BDh
0074+  0000             EDATA3  .equ	0BEh
0075+  0000             EDATA4  .equ	0BFh
0076+  0000             WDCON   .equ	0C0h
0077+  0000             CHIPID  .equ	0C2h
0078+  0000             EADRL   .equ	0C6h
0079+  0000             EADRH   .equ	0C7h
0080+  0000             T2CON   .equ	0C8h
0081+  0000             RCAP2L  .equ	0CAh
0082+  0000             RCAP2H  .equ	0CBh
0083+  0000             TL2     .equ	0CCh
0084+  0000             TH2     .equ	0CDh
0085+  0000             PSW     .equ	0D0h
0086+  0000             DMAL    .equ	0D2h
0087+  0000             DMAH    .equ	0D3h
0088+  0000             DMAP    .equ	0D4h
0089+  0000             ADCCON2 .equ	0D8h
0090+  0000             ADCDATAL	.equ	0D9h
0091+  0000             ADCDATAH	.equ	0DAh
0092+  0000             PSMCON  .equ	0DFh
0093+  0000             ACC     .equ	0E0h
0094+  0000             DCON    .equ	0E8h
0095+  0000             I2CCON  .equ	0E8h
0096+  0000             ADCCON1 .equ	0EFh
0097+  0000             B       .equ	0F0h
0098+  0000             ADCOFSL .equ	0F1h
0099+  0000             ADCOFSH .equ	0F2h
0100+  0000             ADCGAINL	.equ	0F3h
0101+  0000             ADCGAINH	.equ	0F4h
0102+  0000             ADCCON3 .equ	0F5h
0103+  0000             SPIDAT  .equ	0F7h
0104+  0000             SPICON  .equ	0F8h
0105+  0000             DAC0L   .equ	0F9h
0106+  0000             DAC0H   .equ	0FAh
0107+  0000             DAC1L   .equ	0FBh
0108+  0000             DAC1H   .equ	0FCh
0109+  0000             DACCON  .equ	0FDh
0110+  0000             
0111+  0000             
0112+  0000             TF1     .equ	08Fh
0113+  0000             TR1     .equ	08Eh
0114+  0000             TF0     .equ	08Dh
0115+  0000             TR0     .equ	08Ch
0116+  0000             IE1     .equ	08Bh
0117+  0000             IT1     .equ	08Ah
0118+  0000             IE0     .equ	089h
0119+  0000             IT0     .equ	088h
0120+  0000             
0121+  0000             T2EX    .equ	091h
0122+  0000             T2      .equ	090h
0123+  0000             
0124+  0000             SM0     .equ	09Fh
0125+  0000             SM1     .equ	09Eh
0126+  0000             SM2     .equ	09Dh
0127+  0000             REN     .equ	09Ch
0128+  0000             TB8     .equ	09Bh
0129+  0000             RB8     .equ	09Ah
0130+  0000             TI      .equ	099h
0131+  0000             RI      .equ	098h
0132+  0000             
0133+  0000             EA      .equ	0AFh
0134+  0000             EADC    .equ	0AEh
0135+  0000             ET2     .equ	0ADh
0136+  0000             ES      .equ	0ACh
0137+  0000             ET1     .equ	0ABh
0138+  0000             EX1     .equ	0AAh
0139+  0000             ET0     .equ	0A9h
0140+  0000             EX0     .equ	0A8h
0141+  0000             
0142+  0000             RD      .equ	0B7h
0143+  0000             WR      .equ	0B6h
0144+  0000             T1      .equ	0B5h
0145+  0000             T0      .equ	0B4h
0146+  0000             INT1    .equ	0B3h
0147+  0000             INT0    .equ	0B2h
0148+  0000             TXD     .equ	0B1h
0149+  0000             RXD     .equ	0B0h
0150+  0000             
0151+  0000             PSI     .equ	0BFh
0152+  0000             PADC    .equ	0BEh
0153+  0000             PT2     .equ	0BDh
0154+  0000             PS      .equ	0BCh
0155+  0000             PT1     .equ	0BBh
0156+  0000             PX1     .equ	0BAh
0157+  0000             PT0     .equ	0B9h
0158+  0000             PX0     .equ	0B8h
0159+  0000             
0160+  0000             PRE3    .equ	0C7h
0161+  0000             PRE2    .equ	0C6h
0162+  0000             PRE1    .equ	0C5h
0163+  0000             PRE0    .equ	0C4h
0164+  0000             WDIR    .equ	0C3h
0165+  0000             WDS     .equ	0C2h
0166+  0000             WDE     .equ	0C1h
0167+  0000             WDWR    .equ	0C0h
0168+  0000             
0169+  0000             TF2     .equ	0CFh
0170+  0000             EXF2    .equ	0CEh
0171+  0000             RCLK    .equ	0CDh
0172+  0000             TCLK    .equ	0CCh
0173+  0000             EXEN2   .equ	0CBh
0174+  0000             TR2     .equ	0CAh
0175+  0000             CNT2    .equ	0C9h
0176+  0000             CAP2    .equ	0C8h
0177+  0000             
0178+  0000             CY      .equ	0D7h
0179+  0000             AC      .equ	0D6h
0180+  0000             F0      .equ	0D5h
0181+  0000             RS1     .equ	0D4h
0182+  0000             RS0     .equ	0D3h
0183+  0000             OV      .equ	0D2h
0184+  0000             F1      .equ	0D1h
0185+  0000             P       .equ	0D0h
0186+  0000             
0187+  0000             ADCI    .equ	0DFh
0188+  0000             DMA     .equ	0DEh
0189+  0000             CCONV   .equ	0DDh
0190+  0000             SCONV   .equ	0DCh
0191+  0000             CS3     .equ	0DBh
0192+  0000             CS2     .equ	0DAh
0193+  0000             CS1     .equ	0D9h
0194+  0000             CS0     .equ	0D8h
0195+  0000             
0196+  0000             D1      .equ	0EFh
0197+  0000             D1EN    .equ	0EEh
0198+  0000             D0      .equ	0EDh
0199+  0000             D0EN    .equ	0EBh
0200+  0000             
0201+  0000             MDO     .equ	0EFh
0202+  0000             MDE     .equ	0EEh
0203+  0000             MCO     .equ	0EDh
0204+  0000             MDI     .equ	0ECh
0205+  0000             I2CM    .equ	0EBh
0206+  0000             I2CRS   .equ	0EAh
0207+  0000             I2CTX   .equ	0E9h
0208+  0000             I2CI    .equ	0E8h
0209+  0000             
0210+  0000             ISPI    .equ	0FFh
0211+  0000             WCOL    .equ	0FEh
0212+  0000             SPE     .equ	0FDh
0213+  0000             SPIM    .equ	0FCh
0214+  0000             CPOL    .equ	0FBh
0215+  0000             CPHA    .equ	0FAh
0216+  0000             SPR1    .equ	0F9h
0217+  0000             SPR0    .equ	0F8h
0002   0000             	.ORG	0h
0003   0000 02 01 00    	ljmp	START
0004   0023             	.ORG	23h
0005   0023 02 01 1F    	ljmp	UART_int
0006   0100             	.ORG	100h
0007   0100             
0008   0100             ;+++++++++++++++++ Начало программы ++++++++++++++++++++++++++++++++
0009   0100             START::
0010   0100 75 D7 51    	MOV	PLLCON,#51h	; Частота процессора 16,77 / 2 = 8,38МГц
0011   0103 75 9E 85    	MOV	T3CON,#85h		; Настройка скорости COM-порта через таймер 3 	
0012   0106 75 9D 2D    	MOV	T3FD,#2Dh		; Скорость передачи данный 9600 бод
0013   0109 75 98 50    	MOV	SCON,#50h		; UART (COM-порт)
0014   010C 75 84 08    	MOV	DPP,#08h		; Установка стран. памяти для доступа к регистрам ПЛИC.
0015   010F 90 00 07    	MOV 	DPTR,#0007H	; Выбор регистра управления светодиодами.
0016   0112 12 02 08    	LCALL	PAUSE 	; Вызов подпрограммы паузы.
0017   0115 74 11       	MOV	A,#011H		; Занесение данных "00" в аккумулятор А.
0018   0117 F0          	MOVX	@DPTR,A
0019   0118 D2 AC       	SETB	ES
0020   011A D2 AF       	SETB	EA
0021   011C             LOOP_PROG:
0022   011C 02 01 1C    	LJMP	LOOP_PROG
0023   011F             ;+++++++++++++++++ Прерывание СОМ-порта ++++++++++++++++++++++++++++
0024   011F             UART_int:
0025   011F C2 AC       	CLR 	ES
0026   0121 C2 98       	CLR	RI
0027   0123 C2 99       	CLR	TI
0028   0125 AB 99       	MOV	R3,SBUF		;Заносим значение частоты дискретизации
0029   0127 EB          	MOV	A,R3
0030   0128 B4 C3 15    	CJNE	A,#0C3h,INT_END	; значит пришла команда подключения
0031   012B 12 01 64    	LCALL	VOZV1
0032   012E 74 FE       	MOV	A,#0FEh	
0033   0130 F5 99       	MOV	SBUF,A
0034   0132 30 99 FD    	JNB	TI,$			; Дождаться таймер
0035   0135 C2 99       	CLR	TI
0036   0137 74 FE       	MOV	A,#0FEh	
0037   0139 F5 99       	MOV	SBUF,A
0038   013B 30 99 FD    	JNB	TI,$			; Дождаться таймер
0039   013E C2 99       	CLR	TI
0040   0140             
0041   0140             INT_END:
0042   0140 B4 C4 12    	CJNE	A,#0C4h,END1
0043   0143 74 C4       	MOV	A,#0C4h
0044   0145 F5 99       	MOV	SBUF,A
0045   0147 30 99 FD    	JNB	TI,$			; Дождаться таймер
0046   014A C2 99       	CLR	TI
0047   014C 74 C4       	MOV	A,#0C4h
0048   014E F5 99       	MOV	SBUF,A
0049   0150 30 99 FD    	JNB	TI,$			; Дождаться таймер
0050   0153 C2 99       	CLR	TI
0051   0155             END1:
0052   0155 75 84 08    	MOV	DPP,#08h		; Установка стран. памяти для доступа к регистрам ПЛИC.
0053   0158 90 00 07    	MOV 	DPTR,#0007H	; Выбор регистра управления светодиодами.
0054   015B 12 02 08    	LCALL	PAUSE 	; Вызов подпрограммы паузы.
0055   015E 74 22       	MOV	A,#022H		; Занесение данных "00" в аккумулятор А.
0056   0160 F0          	MOVX 	@DPTR,A
0057   0161 D2 AC       	SETB	ES
0058   0163 32          	RETI
0059   0164             ;+++++++++++++++++ Конец прерывания ++++++++++++++++++++++++++++++++++
0060   0164             
0061   0164             ;+++++++++++++++++ Настройка ЦАП0 ++++++++++++++++++++++++++++++++++++
0062   0164             VOZV1: 
0063   0164             
0064   0164 75 FD 0D    	MOV	DACCON,#00001101B; Режим работы ЦАП0 12бит, асинхронный режим
0065   0167 75 FA 00    	MOV	DAC0H,#000h	; Установка начального уровня сигнала
0066   016A 75 F9 00    	MOV	DAC0L,#000h	; 
0067   016D 7D 00       	MOV	R5,#00H		; регистр DPH
0068   016F 7E 00       	MOV	R6,#00H		; регистр DPL
0069   0171             VOZV:
0070   0171 75 EF 8C    	MOV	ADCCON1,#10001100B; Установка АЦП в нормальный ;режима с внутренним ИОНом
0071   0174 90 10 00    	MOV	DPTR,#TABLE
0072   0177 7A 00       	MOV	R2,#00H		; счетчик циклов синусоиды 64 (40H)
0073   0179             STEP: 
0074   0179 E4          	CLR	A			; Очистить аккумулятор
0075   017A 93          	MOVC	A,@A+DPTR	; Загрузить данные в аккумулятор из таблицы синуса
0076   017B F5 FA       	MOV	DAC0H,A		; Загрузить данные в старший регистр ЦАП
0077   017D A3          	INC	DPTR			; Переход на следующий адрес в таблице
0078   017E E4          	CLR	A			; Очистить аккумулятор
0079   017F 93          	MOVC	A,@A+DPTR	; Загрузить данные в аккумулятор из таблицы синуса
0080   0180 F5 F9       	MOV	DAC0L,A		; Загрузить данные в младший регистр ЦАП
0081   0182 A3          	INC	DPTR			; Переход на следующий адрес в таблице
0082   0183 0C          	INC	R4			; Инкремент регистра выбора канала АЦП
0083   0184 12 02 08    	LCALL	PAUSE
0084   0187 0A          	INC	R2
0085   0188 00          	nop
0086   0189             
0087   0189 BC 01 0B    	CJNE	R4,#001h,ADC1
0088   018C 75 D8 01    	MOV	ADCCON2,#00000001B; Установка нулевого канала	
0089   018F 12 01 E3    	LCALL	ADC
0090   0192 75 D8 00    	MOV	ADCCON2,#00000000B; Установка нулевого канала
0091   0195 80 0B       	SJMP	DDD
0092   0197             ADC1:
0093   0197 7C 00       	MOV	R4,#00H
0094   0199 75 D8 00    	MOV	ADCCON2,#00000000B; Установка нулевого канала
0095   019C 12 01 E3    	LCALL	ADC
0096   019F 75 D8 00    	MOV	ADCCON2,#00000000B; Установка нулевого канала
0097   01A2             DDD:
0098   01A2 BD 08 02    	CJNE	R5,#008h,NOPER
0099   01A5 80 09       	SJMP	DIOD
0100   01A7             NOPER:	
0101   01A7 BA 40 03    	CJNE	R2,#040h,STEP1	; Наступил ли конец таблицы синуса? переходы по условиям 
0102   01AA 02 01 71    	LJMP	VOZV			; Переход по метке.
0103   01AD             STEP1:
0104   01AD 02 01 79    	LJMP 	STEP
0105   01B0             ;+++++++++++++++++++++++++++   Чтение из памяти в ПК  ++++++++++++++++
0106   01B0             DIOD:
0107   01B0 75 84 08    	MOV	DPP,#08h		; Установка страницы памяти для доступа к регистрам ПЛИC.       
0108   01B3 90 00 07    	MOV 	DPTR,#0007H	; Выбор регистра управления светодиодами.
0109   01B6 12 02 08    	LCALL	PAUSE 	; Вызов подпрограммы паузы.
0110   01B9 74 DD       	MOV 	A,#0DDH		; Занесение данных "00" в аккумулятор А.
0111   01BB F0          	MOVX	@DPTR,A
0112   01BC 75 84 00    	MOV	DPP,#00h
0113   01BF 90 00 00    	MOV	DPTR,#0000H	
0114   01C2             PERED:
0115   01C2 E0          	MOVX	A,@DPTR
0116   01C3 A3          	INC	DPTR
0117   01C4 F5 99       	MOV	SBUF,A
0118   01C6 30 99 FD    	JNB	TI,$			; Дождаться таймер
0119   01C9 C2 99       	CLR	TI
0120   01CB 12 02 08    	LCALL 	PAUSE
0121   01CE E5 83       	MOV	A,DPH
0122   01D0 FD          	MOV	R5,A
0123   01D1 BD 08 EE    	CJNE	R5,#008h,PERED
0124   01D4 75 84 08    	MOV	DPP,#08h		; Установка страницы памяти для доступа к регистрам ПЛИC.
0125   01D7 90 00 07    	MOV	DPTR,#0007H	; Выбор регистра управления светодиодами.
0126   01DA 12 02 08    	LCALL	PAUSE 	; Вызов подпрограммы паузы.
0127   01DD 74 FF       	MOV	A,#0FFH		; Занесение данных "00" в аккумулятор А.
0128   01DF F0          	MOVX	@DPTR,A
0129   01E0 7B 00       	MOV	R3,#00h
0130   01E2 22          	RET
0131   01E3             ;++++++++++++++++ запись в память из АЦП1 +++++++++++++++++++++++++++
0132   01E3             ADC:	
0133   01E3 C0 82       	PUSH	DPL
0134   01E5 C0 83       	PUSH	DPH
0135   01E7 75 84 00    	MOV	DPP,#00h
0136   01EA ED          	MOV	A,R5
0137   01EB F5 83       	MOV	DPH,A
0138   01ED EE          	MOV	A,R6
0139   01EE F5 82       	MOV	DPL,A
0140   01F0 75 F5 00    	MOV	ADCCON3,#00000000b
0141   01F3 D2 DC       	SETB	SCONV 		; Инициализация однократного преобразования
0142   01F5 E5 DA       	MOV	A,ADCDATAH 
0143   01F7 F0          	MOVX	@DPTR,A
0144   01F8 A3          	INC	DPTR
0145   01F9 E5 D9       	MOV	A,ADCDATAL 
0146   01FB F0          	MOVX	@DPTR,A
0147   01FC A3          	INC	DPTR
0148   01FD E5 83       	MOV	A,DPH
0149   01FF FD          	MOV	R5,A
0150   0200 E5 82       	MOV	A,DPL
0151   0202 FE          	MOV	R6,A
0152   0203 D0 83       	POP	DPH
0153   0205 D0 82       	POP	DPL
0154   0207 22          	RET
0155   0208             ;++++++++++++++++++++++++++   ПАУЗА (78 мкс)  ++++++++++++++++++++++++
0156   0208             					; R1-6 R2-22 = 200Гц
0157   0208             PAUSE:	
0158   0208 C0 D0       	PUSH	PSW			; Начало подпрограммы паузы.
0159   020A 79 06       	MOV	R1,#006H		; Занесение данных "CC" в регистр R1.
0160   020C             MP1:
0161   020C 78 22       	MOV	R0,#022H
0162   020E             MP2:
0163   020E D8 FE       	DJNZ	R0,MP2		; Если значения регистра не 0, то переход по метке.
0164   0210 D9 FA       	DJNZ	R1,MP1
0165   0212 D0 D0       	POP	PSW
0166   0214 22          	RET				; Выход из подпрограммы.
0167   0215             ;++++++++++++++++++++  Таблица синуса   ++++++++++++++++++++++++++++++
0168   1000             .ORG  01000H
0169   1000             TABLE:
0170   1000 07 FF       .DB  007h, 0FFh
0171   1002 08 C8       .DB  008h, 0C8h
0172   1004 09 8E       .DB  009h, 08Eh
0173   1006 0A 51       .DB  00Ah, 051h
0174   1008 0B 0F       .DB  00Bh, 00Fh
0175   100A 0B C4       .DB  00Bh, 0C4h
0176   100C 0C 71       .DB  00Ch, 071h
0177   100E 0D 12       .DB  00Dh, 012h
0178   1010 0D A7       .DB  00Dh, 0A7h
0179   1012 0E 2E       .DB  00Eh, 02Eh
0180   1014 0E A5       .DB  00Eh, 0A5h
0181   1016 0F 0D       .DB  00Fh, 00Dh
0182   1018 0F 63       .DB  00Fh, 063h
0183   101A 0F A6       .DB  00Fh, 0A6h
0184   101C 0F D7       .DB  00Fh, 0D7h
0185   101E 0F F5       .DB  00Fh, 0F5h
0186   1020 0F FF       .DB  00Fh, 0FFh
0187   1022 0F F5       .DB  00Fh, 0F5h
0188   1024 0F D7       .DB  00Fh, 0D7h
0189   1026 0F A6       .DB  00Fh, 0A6h
0190   1028 0F 63       .DB  00Fh, 063h
0191   102A 0F 0D       .DB  00Fh, 00Dh
0192   102C 0E A5       .DB  00Eh, 0A5h
0193   102E 0E 2E       .DB  00Eh, 02Eh
0194   1030 0D A7       .DB  00Dh, 0A7h
0195   1032 0D 12       .DB  00Dh, 012h
0196   1034 0C 71       .DB  00Ch, 071h
0197   1036 0B C4       .DB  00Bh, 0C4h
0198   1038 0B 0F       .DB  00Bh, 00Fh
0199   103A 0A 51       .DB  00Ah, 051h
0200   103C 09 8E       .DB  009h, 08Eh
0201   103E 08 C8       .DB  008h, 0C8h
0202   1040 07 FF       .DB  007h, 0FFh
0203   1042 07 36       .DB  007h, 036h
0204   1044 06 70       .DB  006h, 070h
0205   1046 05 AD       .DB  005h, 0ADh
0206   1048 04 EF       .DB  004h, 0EFh
0207   104A 04 3A       .DB  004h, 03Ah
0208   104C 03 8D       .DB  003h, 08Dh
0209   104E 02 EC       .DB  002h, 0ECh
0210   1050 02 57       .DB  002h, 057h
0211   1052 01 D0       .DB  001h, 0D0h
0212   1054 01 59       .DB  001h, 059h
0213   1056 00 F1       .DB  000h, 0F1h
0214   1058 00 9B       .DB  000h, 09Bh
0215   105A 00 58       .DB  000h, 058h
0216   105C 00 27       .DB  000h, 027h
0217   105E 00 09       .DB  000h, 009h
0218   1060 00 00       .DB  000h, 000h
0219   1062 00 09       .DB  000h, 009h
0220   1064 00 27       .DB  000h, 027h
0221   1066 00 58       .DB  000h, 058h
0222   1068 00 9B       .DB  000h, 09Bh
0223   106A 00 F1       .DB  000h, 0F1h
0224   106C 01 59       .DB  001h, 059h
0225   106E 01 D0       .DB  001h, 0D0h
0226   1070 02 57       .DB  002h, 057h
0227   1072 02 EC       .DB  002h, 0ECh
0228   1074 03 8D       .DB  003h, 08Dh
0229   1076 04 3A       .DB  004h, 03Ah
0230   1078 04 EF       .DB  004h, 0EFh
0231   107A 05 AD       .DB  005h, 0ADh
0232   107C 06 70       .DB  006h, 070h
0233   107E 07 36       .DB  007h, 036h          
0234   1080             ;+++++++++++++++++++++++++++++++   конец таблицы   ++++++++++++++++++
0235   1080             .end				; Конец программы.

ADDR  00 01 02 03 04 05 06 07 08 09 0A 0B 0C 0D 0E 0F
-----------------------------------------------------
0000  02 01 00 00 00 00 00 00 00 00 00 00 00 00 00 00
0010  00 00 00 00 00 00 00 00 00 00 00 00 00 00 00 00
0020  00 00 00 02 01 1F 00 00 00 00 00 00 00 00 00 00
0030  00 00 00 00 00 00 00 00 00 00 00 00 00 00 00 00
0040  00 00 00 00 00 00 00 00 00 00 00 00 00 00 00 00
0050  00 00 00 00 00 00 00 00 00 00 00 00 00 00 00 00
0060  00 00 00 00 00 00 00 00 00 00 00 00 00 00 00 00
0070  00 00 00 00 00 00 00 00 00 00 00 00 00 00 00 00
0080  00 00 00 00 00 00 00 00 00 00 00 00 00 00 00 00
0090  00 00 00 00 00 00 00 00 00 00 00 00 00 00 00 00
00A0  00 00 00 00 00 00 00 00 00 00 00 00 00 00 00 00
00B0  00 00 00 00 00 00 00 00 00 00 00 00 00 00 00 00
00C0  00 00 00 00 00 00 00 00 00 00 00 00 00 00 00 00
00D0  00 00 00 00 00 00 00 00 00 00 00 00 00 00 00 00
00E0  00 00 00 00 00 00 00 00 00 00 00 00 00 00 00 00
00F0  00 00 00 00 00 00 00 00 00 00 00 00 00 00 00 00
0100  75 D7 51 75 9E 85 75 9D 2D 75 98 50 75 84 08 90
0110  00 07 12 02 08 74 11 F0 D2 AC D2 AF 02 01 1C C2
0120  AC C2 98 C2 99 AB 99 EB B4 C3 15 12 01 64 74 FE
0130  F5 99 30 99 FD C2 99 74 FE F5 99 30 99 FD C2 99
0140  B4 C4 12 74 C4 F5 99 30 99 FD C2 99 74 C4 F5 99
0150  30 99 FD C2 99 75 84 08 90 00 07 12 02 08 74 22
0160  F0 D2 AC 32 75 FD 0D 75 FA 00 75 F9 00 7D 00 7E
0170  00 75 EF 8C 90 10 00 7A 00 E4 93 F5 FA A3 E4 93
0180  F5 F9 A3 0C 12 02 08 0A 00 BC 01 0B 75 D8 01 12
0190  01 E3 75 D8 00 80 0B 7C 00 75 D8 00 12 01 E3 75
01A0  D8 00 BD 08 02 80 09 BA 40 03 02 01 71 02 01 79
01B0  75 84 08 90 00 07 12 02 08 74 DD F0 75 84 00 90
01C0  00 00 E0 A3 F5 99 30 99 FD C2 99 12 02 08 E5 83
01D0  FD BD 08 EE 75 84 08 90 00 07 12 02 08 74 FF F0
01E0  7B 00 22 C0 82 C0 83 75 84 00 ED F5 83 EE F5 82
01F0  75 F5 00 D2 DC E5 DA F0 A3 E5 D9 F0 A3 E5 83 FD
0200  E5 82 FE D0 83 D0 82 22 C0 D0 79 06 78 22 D8 FE
0210  D9 FA D0 D0 22 00 00 00 00 00 00 00 00 00 00 00
0220  00 00 00 00 00 00 00 00 00 00 00 00 00 00 00 00
0230  00 00 00 00 00 00 00 00 00 00 00 00 00 00 00 00
0240  00 00 00 00 00 00 00 00 00 00 00 00 00 00 00 00
0250  00 00 00 00 00 00 00 00 00 00 00 00 00 00 00 00
0260  00 00 00 00 00 00 00 00 00 00 00 00 00 00 00 00
0270  00 00 00 00 00 00 00 00 00 00 00 00 00 00 00 00
0280  00 00 00 00 00 00 00 00 00 00 00 00 00 00 00 00
0290  00 00 00 00 00 00 00 00 00 00 00 00 00 00 00 00
02A0  00 00 00 00 00 00 00 00 00 00 00 00 00 00 00 00
02B0  00 00 00 00 00 00 00 00 00 00 00 00 00 00 00 00
02C0  00 00 00 00 00 00 00 00 00 00 00 00 00 00 00 00
02D0  00 00 00 00 00 00 00 00 00 00 00 00 00 00 00 00
02E0  00 00 00 00 00 00 00 00 00 00 00 00 00 00 00 00
02F0  00 00 00 00 00 00 00 00 00 00 00 00 00 00 00 00
0300  00 00 00 00 00 00 00 00 00 00 00 00 00 00 00 00
0310  00 00 00 00 00 00 00 00 00 00 00 00 00 00 00 00
0320  00 00 00 00 00 00 00 00 00 00 00 00 00 00 00 00
0330  00 00 00 00 00 00 00 00 00 00 00 00 00 00 00 00
0340  00 00 00 00 00 00 00 00 00 00 00 00 00 00 00 00
0350  00 00 00 00 00 00 00 00 00 00 00 00 00 00 00 00
0360  00 00 00 00 00 00 00 00 00 00 00 00 00 00 00 00
0370  00 00 00 00 00 00 00 00 00 00 00 00 00 00 00 00
0380  00 00 00 00 00 00 00 00 00 00 00 00 00 00 00 00
0390  00 00 00 00 00 00 00 00 00 00 00 00 00 00 00 00
03A0  00 00 00 00 00 00 00 00 00 00 00 00 00 00 00 00
03B0  00 00 00 00 00 00 00 00 00 00 00 00 00 00 00 00
03C0  00 00 00 00 00 00 00 00 00 00 00 00 00 00 00 00
03D0  00 00 00 00 00 00 00 00 00 00 00 00 00 00 00 00
03E0  00 00 00 00 00 00 00 00 00 00 00 00 00 00 00 00
03F0  00 00 00 00 00 00 00 00 00 00 00 00 00 00 00 00
0400  00 00 00 00 00 00 00 00 00 00 00 00 00 00 00 00
0410  00 00 00 00 00 00 00 00 00 00 00 00 00 00 00 00
0420  00 00 00 00 00 00 00 00 00 00 00 00 00 00 00 00
0430  00 00 00 00 00 00 00 00 00 00 00 00 00 00 00 00
0440  00 00 00 00 00 00 00 00 00 00 00 00 00 00 00 00
0450  00 00 00 00 00 00 00 00 00 00 00 00 00 00 00 00
0460  00 00 00 00 00 00 00 00 00 00 00 00 00 00 00 00
0470  00 00 00 00 00 00 00 00 00 00 00 00 00 00 00 00
0480  00 00 00 00 00 00 00 00 00 00 00 00 00 00 00 00
0490  00 00 00 00 00 00 00 00 00 00 00 00 00 00 00 00
04A0  00 00 00 00 00 00 00 00 00 00 00 00 00 00 00 00
04B0  00 00 00 00 00 00 00 00 00 00 00 00 00 00 00 00
04C0  00 00 00 00 00 00 00 00 00 00 00 00 00 00 00 00
04D0  00 00 00 00 00 00 00 00 00 00 00 00 00 00 00 00
04E0  00 00 00 00 00 00 00 00 00 00 00 00 00 00 00 00
04F0  00 00 00 00 00 00 00 00 00 00 00 00 00 00 00 00
0500  00 00 00 00 00 00 00 00 00 00 00 00 00 00 00 00
0510  00 00 00 00 00 00 00 00 00 00 00 00 00 00 00 00
0520  00 00 00 00 00 00 00 00 00 00 00 00 00 00 00 00
0530  00 00 00 00 00 00 00 00 00 00 00 00 00 00 00 00
0540  00 00 00 00 00 00 00 00 00 00 00 00 00 00 00 00
0550  00 00 00 00 00 00 00 00 00 00 00 00 00 00 00 00
0560  00 00 00 00 00 00 00 00 00 00 00 00 00 00 00 00
0570  00 00 00 00 00 00 00 00 00 00 00 00 00 00 00 00
0580  00 00 00 00 00 00 00 00 00 00 00 00 00 00 00 00
0590  00 00 00 00 00 00 00 00 00 00 00 00 00 00 00 00
05A0  00 00 00 00 00 00 00 00 00 00 00 00 00 00 00 00
05B0  00 00 00 00 00 00 00 00 00 00 00 00 00 00 00 00
05C0  00 00 00 00 00 00 00 00 00 00 00 00 00 00 00 00
05D0  00 00 00 00 00 00 00 00 00 00 00 00 00 00 00 00
05E0  00 00 00 00 00 00 00 00 00 00 00 00 00 00 00 00
05F0  00 00 00 00 00 00 00 00 00 00 00 00 00 00 00 00
0600  00 00 00 00 00 00 00 00 00 00 00 00 00 00 00 00
0610  00 00 00 00 00 00 00 00 00 00 00 00 00 00 00 00
0620  00 00 00 00 00 00 00 00 00 00 00 00 00 00 00 00
0630  00 00 00 00 00 00 00 00 00 00 00 00 00 00 00 00
0640  00 00 00 00 00 00 00 00 00 00 00 00 00 00 00 00
0650  00 00 00 00 00 00 00 00 00 00 00 00 00 00 00 00
0660  00 00 00 00 00 00 00 00 00 00 00 00 00 00 00 00
0670  00 00 00 00 00 00 00 00 00 00 00 00 00 00 00 00
0680  00 00 00 00 00 00 00 00 00 00 00 00 00 00 00 00
0690  00 00 00 00 00 00 00 00 00 00 00 00 00 00 00 00
06A0  00 00 00 00 00 00 00 00 00 00 00 00 00 00 00 00
06B0  00 00 00 00 00 00 00 00 00 00 00 00 00 00 00 00
06C0  00 00 00 00 00 00 00 00 00 00 00 00 00 00 00 00
06D0  00 00 00 00 00 00 00 00 00 00 00 00 00 00 00 00
06E0  00 00 00 00 00 00 00 00 00 00 00 00 00 00 00 00
06F0  00 00 00 00 00 00 00 00 00 00 00 00 00 00 00 00
0700  00 00 00 00 00 00 00 00 00 00 00 00 00 00 00 00
0710  00 00 00 00 00 00 00 00 00 00 00 00 00 00 00 00
0720  00 00 00 00 00 00 00 00 00 00 00 00 00 00 00 00
0730  00 00 00 00 00 00 00 00 00 00 00 00 00 00 00 00
0740  00 00 00 00 00 00 00 00 00 00 00 00 00 00 00 00
0750  00 00 00 00 00 00 00 00 00 00 00 00 00 00 00 00
0760  00 00 00 00 00 00 00 00 00 00 00 00 00 00 00 00
0770  00 00 00 00 00 00 00 00 00 00 00 00 00 00 00 00
0780  00 00 00 00 00 00 00 00 00 00 00 00 00 00 00 00
0790  00 00 00 00 00 00 00 00 00 00 00 00 00 00 00 00
07A0  00 00 00 00 00 00 00 00 00 00 00 00 00 00 00 00
07B0  00 00 00 00 00 00 00 00 00 00 00 00 00 00 00 00
07C0  00 00 00 00 00 00 00 00 00 00 00 00 00 00 00 00
07D0  00 00 00 00 00 00 00 00 00 00 00 00 00 00 00 00
07E0  00 00 00 00 00 00 00 00 00 00 00 00 00 00 00 00
07F0  00 00 00 00 00 00 00 00 00 00 00 00 00 00 00 00
0800  00 00 00 00 00 00 00 00 00 00 00 00 00 00 00 00
0810  00 00 00 00 00 00 00 00 00 00 00 00 00 00 00 00
0820  00 00 00 00 00 00 00 00 00 00 00 00 00 00 00 00
0830  00 00 00 00 00 00 00 00 00 00 00 00 00 00 00 00
0840  00 00 00 00 00 00 00 00 00 00 00 00 00 00 00 00
0850  00 00 00 00 00 00 00 00 00 00 00 00 00 00 00 00
0860  00 00 00 00 00 00 00 00 00 00 00 00 00 00 00 00
0870  00 00 00 00 00 00 00 00 00 00 00 00 00 00 00 00
0880  00 00 00 00 00 00 00 00 00 00 00 00 00 00 00 00
0890  00 00 00 00 00 00 00 00 00 00 00 00 00 00 00 00
08A0  00 00 00 00 00 00 00 00 00 00 00 00 00 00 00 00
08B0  00 00 00 00 00 00 00 00 00 00 00 00 00 00 00 00
08C0  00 00 00 00 00 00 00 00 00 00 00 00 00 00 00 00
08D0  00 00 00 00 00 00 00 00 00 00 00 00 00 00 00 00
08E0  00 00 00 00 00 00 00 00 00 00 00 00 00 00 00 00
08F0  00 00 00 00 00 00 00 00 00 00 00 00 00 00 00 00
0900  00 00 00 00 00 00 00 00 00 00 00 00 00 00 00 00
0910  00 00 00 00 00 00 00 00 00 00 00 00 00 00 00 00
0920  00 00 00 00 00 00 00 00 00 00 00 00 00 00 00 00
0930  00 00 00 00 00 00 00 00 00 00 00 00 00 00 00 00
0940  00 00 00 00 00 00 00 00 00 00 00 00 00 00 00 00
0950  00 00 00 00 00 00 00 00 00 00 00 00 00 00 00 00
0960  00 00 00 00 00 00 00 00 00 00 00 00 00 00 00 00
0970  00 00 00 00 00 00 00 00 00 00 00 00 00 00 00 00
0980  00 00 00 00 00 00 00 00 00 00 00 00 00 00 00 00
0990  00 00 00 00 00 00 00 00 00 00 00 00 00 00 00 00
09A0  00 00 00 00 00 00 00 00 00 00 00 00 00 00 00 00
09B0  00 00 00 00 00 00 00 00 00 00 00 00 00 00 00 00
09C0  00 00 00 00 00 00 00 00 00 00 00 00 00 00 00 00
09D0  00 00 00 00 00 00 00 00 00 00 00 00 00 00 00 00
09E0  00 00 00 00 00 00 00 00 00 00 00 00 00 00 00 00
09F0  00 00 00 00 00 00 00 00 00 00 00 00 00 00 00 00
0A00  00 00 00 00 00 00 00 00 00 00 00 00 00 00 00 00
0A10  00 00 00 00 00 00 00 00 00 00 00 00 00 00 00 00
0A20  00 00 00 00 00 00 00 00 00 00 00 00 00 00 00 00
0A30  00 00 00 00 00 00 00 00 00 00 00 00 00 00 00 00
0A40  00 00 00 00 00 00 00 00 00 00 00 00 00 00 00 00
0A50  00 00 00 00 00 00 00 00 00 00 00 00 00 00 00 00
0A60  00 00 00 00 00 00 00 00 00 00 00 00 00 00 00 00
0A70  00 00 00 00 00 00 00 00 00 00 00 00 00 00 00 00
0A80  00 00 00 00 00 00 00 00 00 00 00 00 00 00 00 00
0A90  00 00 00 00 00 00 00 00 00 00 00 00 00 00 00 00
0AA0  00 00 00 00 00 00 00 00 00 00 00 00 00 00 00 00
0AB0  00 00 00 00 00 00 00 00 00 00 00 00 00 00 00 00
0AC0  00 00 00 00 00 00 00 00 00 00 00 00 00 00 00 00
0AD0  00 00 00 00 00 00 00 00 00 00 00 00 00 00 00 00
0AE0  00 00 00 00 00 00 00 00 00 00 00 00 00 00 00 00
0AF0  00 00 00 00 00 00 00 00 00 00 00 00 00 00 00 00
0B00  00 00 00 00 00 00 00 00 00 00 00 00 00 00 00 00
0B10  00 00 00 00 00 00 00 00 00 00 00 00 00 00 00 00
0B20  00 00 00 00 00 00 00 00 00 00 00 00 00 00 00 00
0B30  00 00 00 00 00 00 00 00 00 00 00 00 00 00 00 00
0B40  00 00 00 00 00 00 00 00 00 00 00 00 00 00 00 00
0B50  00 00 00 00 00 00 00 00 00 00 00 00 00 00 00 00
0B60  00 00 00 00 00 00 00 00 00 00 00 00 00 00 00 00
0B70  00 00 00 00 00 00 00 00 00 00 00 00 00 00 00 00
0B80  00 00 00 00 00 00 00 00 00 00 00 00 00 00 00 00
0B90  00 00 00 00 00 00 00 00 00 00 00 00 00 00 00 00
0BA0  00 00 00 00 00 00 00 00 00 00 00 00 00 00 00 00
0BB0  00 00 00 00 00 00 00 00 00 00 00 00 00 00 00 00
0BC0  00 00 00 00 00 00 00 00 00 00 00 00 00 00 00 00
0BD0  00 00 00 00 00 00 00 00 00 00 00 00 00 00 00 00
0BE0  00 00 00 00 00 00 00 00 00 00 00 00 00 00 00 00
0BF0  00 00 00 00 00 00 00 00 00 00 00 00 00 00 00 00
0C00  00 00 00 00 00 00 00 00 00 00 00 00 00 00 00 00
0C10  00 00 00 00 00 00 00 00 00 00 00 00 00 00 00 00
0C20  00 00 00 00 00 00 00 00 00 00 00 00 00 00 00 00
0C30  00 00 00 00 00 00 00 00 00 00 00 00 00 00 00 00
0C40  00 00 00 00 00 00 00 00 00 00 00 00 00 00 00 00
0C50  00 00 00 00 00 00 00 00 00 00 00 00 00 00 00 00
0C60  00 00 00 00 00 00 00 00 00 00 00 00 00 00 00 00
0C70  00 00 00 00 00 00 00 00 00 00 00 00 00 00 00 00
0C80  00 00 00 00 00 00 00 00 00 00 00 00 00 00 00 00
0C90  00 00 00 00 00 00 00 00 00 00 00 00 00 00 00 00
0CA0  00 00 00 00 00 00 00 00 00 00 00 00 00 00 00 00
0CB0  00 00 00 00 00 00 00 00 00 00 00 00 00 00 00 00
0CC0  00 00 00 00 00 00 00 00 00 00 00 00 00 00 00 00
0CD0  00 00 00 00 00 00 00 00 00 00 00 00 00 00 00 00
0CE0  00 00 00 00 00 00 00 00 00 00 00 00 00 00 00 00
0CF0  00 00 00 00 00 00 00 00 00 00 00 00 00 00 00 00
0D00  00 00 00 00 00 00 00 00 00 00 00 00 00 00 00 00
0D10  00 00 00 00 00 00 00 00 00 00 00 00 00 00 00 00
0D20  00 00 00 00 00 00 00 00 00 00 00 00 00 00 00 00
0D30  00 00 00 00 00 00 00 00 00 00 00 00 00 00 00 00
0D40  00 00 00 00 00 00 00 00 00 00 00 00 00 00 00 00
0D50  00 00 00 00 00 00 00 00 00 00 00 00 00 00 00 00
0D60  00 00 00 00 00 00 00 00 00 00 00 00 00 00 00 00
0D70  00 00 00 00 00 00 00 00 00 00 00 00 00 00 00 00
0D80  00 00 00 00 00 00 00 00 00 00 00 00 00 00 00 00
0D90  00 00 00 00 00 00 00 00 00 00 00 00 00 00 00 00
0DA0  00 00 00 00 00 00 00 00 00 00 00 00 00 00 00 00
0DB0  00 00 00 00 00 00 00 00 00 00 00 00 00 00 00 00
0DC0  00 00 00 00 00 00 00 00 00 00 00 00 00 00 00 00
0DD0  00 00 00 00 00 00 00 00 00 00 00 00 00 00 00 00
0DE0  00 00 00 00 00 00 00 00 00 00 00 00 00 00 00 00
0DF0  00 00 00 00 00 00 00 00 00 00 00 00 00 00 00 00
0E00  00 00 00 00 00 00 00 00 00 00 00 00 00 00 00 00
0E10  00 00 00 00 00 00 00 00 00 00 00 00 00 00 00 00
0E20  00 00 00 00 00 00 00 00 00 00 00 00 00 00 00 00
0E30  00 00 00 00 00 00 00 00 00 00 00 00 00 00 00 00
0E40  00 00 00 00 00 00 00 00 00 00 00 00 00 00 00 00
0E50  00 00 00 00 00 00 00 00 00 00 00 00 00 00 00 00
0E60  00 00 00 00 00 00 00 00 00 00 00 00 00 00 00 00
0E70  00 00 00 00 00 00 00 00 00 00 00 00 00 00 00 00
0E80  00 00 00 00 00 00 00 00 00 00 00 00 00 00 00 00
0E90  00 00 00 00 00 00 00 00 00 00 00 00 00 00 00 00
0EA0  00 00 00 00 00 00 00 00 00 00 00 00 00 00 00 00
0EB0  00 00 00 00 00 00 00 00 00 00 00 00 00 00 00 00
0EC0  00 00 00 00 00 00 00 00 00 00 00 00 00 00 00 00
0ED0  00 00 00 00 00 00 00 00 00 00 00 00 00 00 00 00
0EE0  00 00 00 00 00 00 00 00 00 00 00 00 00 00 00 00
0EF0  00 00 00 00 00 00 00 00 00 00 00 00 00 00 00 00
0F00  00 00 00 00 00 00 00 00 00 00 00 00 00 00 00 00
0F10  00 00 00 00 00 00 00 00 00 00 00 00 00 00 00 00
0F20  00 00 00 00 00 00 00 00 00 00 00 00 00 00 00 00
0F30  00 00 00 00 00 00 00 00 00 00 00 00 00 00 00 00
0F40  00 00 00 00 00 00 00 00 00 00 00 00 00 00 00 00
0F50  00 00 00 00 00 00 00 00 00 00 00 00 00 00 00 00
0F60  00 00 00 00 00 00 00 00 00 00 00 00 00 00 00 00
0F70  00 00 00 00 00 00 00 00 00 00 00 00 00 00 00 00
0F80  00 00 00 00 00 00 00 00 00 00 00 00 00 00 00 00
0F90  00 00 00 00 00 00 00 00 00 00 00 00 00 00 00 00
0FA0  00 00 00 00 00 00 00 00 00 00 00 00 00 00 00 00
0FB0  00 00 00 00 00 00 00 00 00 00 00 00 00 00 00 00
0FC0  00 00 00 00 00 00 00 00 00 00 00 00 00 00 00 00
0FD0  00 00 00 00 00 00 00 00 00 00 00 00 00 00 00 00
0FE0  00 00 00 00 00 00 00 00 00 00 00 00 00 00 00 00
0FF0  00 00 00 00 00 00 00 00 00 00 00 00 00 00 00 00
1000  07 FF 08 C8 09 8E 0A 51 0B 0F 0B C4 0C 71 0D 12
1010  0D A7 0E 2E 0E A5 0F 0D 0F 63 0F A6 0F D7 0F F5
1020  0F FF 0F F5 0F D7 0F A6 0F 63 0F 0D 0E A5 0E 2E
1030  0D A7 0D 12 0C 71 0B C4 0B 0F 0A 51 09 8E 08 C8
1040  07 FF 07 36 06 70 05 AD 04 EF 04 3A 03 8D 02 EC
1050  02 57 01 D0 01 59 00 F1 00 9B 00 58 00 27 00 09
1060  00 00 00 09 00 27 00 58 00 9B 00 F1 01 59 01 D0
1070  02 57 02 EC 03 8D 04 3A 04 EF 05 AD 06 70 07 36


tasm: Number of errors = 0
